<?xml version="1.0" encoding="UTF-8"?>
<!-- Generated by org.testng.reporters.JUnitReportReporter -->
<testsuite hostname="DESKTOP-F9273RI" failures="0" tests="1" name="test.SignInPageTest" time="5.455" errors="0" timestamp="2021-04-09T10:46:38 CDT" skipped="0">
  <testcase classname="test.SignInPageTest" name="loginCheck" time="5.455"/>
  <system-out/>
</testsuite> <!-- test.SignInPageTest -->
