<?xml version="1.0" encoding="UTF-8"?>
<!-- Generated by org.testng.reporters.JUnitReportReporter -->
<testsuite hostname="DESKTOP-F9273RI" failures="0" tests="1" name="test.ExtendReportDemo" time="0.668" errors="0" timestamp="2021-04-06T10:24:52 CDT" skipped="0">
  <testcase classname="test.ExtendReportDemo" name="test" time="0.668"/>
  <system-out/>
</testsuite> <!-- test.ExtendReportDemo -->
