<?xml version="1.0" encoding="UTF-8"?>
<!-- Generated by org.testng.reporters.JUnitReportReporter -->
<testsuite hostname="DESKTOP-F9273RI" failures="0" tests="4" name="test.HomePageTest" time="48.846" errors="0" timestamp="2021-03-11T21:57:00 CST" skipped="0">
  <testcase classname="test.HomePageTest" name="validateSearch" time="14.088"/>
  <system-out/>
  <testcase classname="test.HomePageTest" name="validateSearch" time="8.486"/>
  <system-out/>
  <testcase classname="test.HomePageTest" name="validateSearch" time="7.795"/>
  <system-out/>
  <testcase classname="test.HomePageTest" name="validateAddToCart" time="18.477"/>
  <system-out/>
</testsuite> <!-- test.HomePageTest -->
